{"task_id": "HumanEval/0", "completion": "from typing import List\n\ndef has_close_elements(numbers: List[float], threshold: float) -> bool:\n    for i in range(len(numbers)):\n        for j in range(i + 1, len(numbers)):\n            if abs(numbers[i] - numbers[j]) < threshold:\n                return True\n    return False", "completion_id": "agent-0", "agent_tests_passed": {"main.py": {"status": "failed", "returncode": 1, "stdout_tail": "_________________ test_has_close_elements[numbers1-1.4-False] _________________\n\nnumbers = [1.0, 2.5, 3.0], threshold = 1.4, expected = False\n\n    @pytest.mark.parametrize('numbers, threshold, expected', [\n        ([1.0, 2.5, 3.0], 1.6, True),\n        ([1.0, 2.5, 3.0], 1.4, False),\n        ([1.0], 0.5, ValueError),\n        ([1.0, 2.0, 3.0], -1.0, ValueError)\n    ])\n    def test_has_close_elements(numbers, threshold, expected):\n        if isinstance(expected, type) and issubclass(expected, Exception):\n            with pytest.raises(expected):\n                has_close_elements(numbers, threshold)\n        else:\n>           assert has_close_elements(numbers, threshold) == expected\nE           assert True == False\nE            +  where True = has_close_elements([1.0, 2.5, 3.0], 1.4)\n\ntest_main.py:22: AssertionError\n______________ test_has_close_elements[numbers3--1.0-ValueError] ______________\n\nnumbers = [1.0, 2.0, 3.0], threshold = -1.0, expected = <class 'ValueError'>\n\n    @pytest.mark.parametrize('numbers, threshold, expected', [\n        ([1.0, 2.5, 3.0], 1.6, True),\n        ([1.0, 2.5, 3.0], 1.4, False),\n        ([1.0], 0.5, ValueError),\n        ([1.0, 2.0, 3.0], -1.0, ValueError)\n    ])\n    def test_has_close_elements(numbers, threshold, expected):\n        if isinstance(expected, type) and issubclass(expected, Exception):\n>           with pytest.raises(expected):\nE           Failed: DID NOT RAISE <class 'ValueError'>\n\ntest_main.py:19: Failed\n=========================== short test summary info ===========================\nFAILED test_main.py::test_has_close_elements[numbers1-1.4-False] - assert Tru...\nFAILED test_main.py::test_has_close_elements[numbers3--1.0-ValueError] - Fail...\n========================= 2 failed, 2 passed in 0.15s =========================", "stderr": "", "summary": {"collected": 4, "passed": 2, "failed": 2, "errors": 0, "skipped": 0, "xfailed": 0, "xpassed": 0, "deselected": 0, "warnings": 0, "duration": null}, "test_file": "results\\tests\\test_main.py"}}}
{"task_id": "HumanEval/1", "completion": "from typing import List\n\ndef separate_paren_groups(paren_string: str) -> List[str]:\n    result = []\n    stack = []\n    current_group = ''\n    for char in paren_string.replace(' ', ''):\n        if char == '(':\n            stack.append(char)\n            current_group += char\n        elif char == ')':\n            stack.pop()\n            current_group += char\n            if not stack:\n                result.append(current_group)\n                current_group = ''\n    return result", "completion_id": "agent-0", "agent_tests_passed": {"main.py": {"status": "failed", "returncode": 1, "stdout_tail": "E         ?    ---\nE         + ['()']\n\ntest_main.py:21: AssertionError\n_________________ test_separate_paren_groups_multiple_levels __________________\n\n    def test_separate_paren_groups_multiple_levels():\n        result = separate_paren_groups('((a)(b))c(d(e)f)g')\n>       assert result == ['((a)(b))', 'c(d(e)f)', 'g'], 'Test multiple levels failed'\nE       AssertionError: Test multiple levels failed\nE       assert ['(()())', '(())'] == ['((a)(b))', 'c(d(e)f)', 'g']\nE         At index 0 diff: '(()())' != '((a)(b))'\nE         Right contains one more item: 'g'\nE         Full diff:\nE         - ['((a)(b))', 'c(d(e)f)', 'g']\nE         ?     -  -      - - - -  -----\nE         + ['(()())', '(())']\n\ntest_main.py:25: AssertionError\n______________ test_separate_paren_groups_unbalanced_left_paren _______________\n\n    def test_separate_paren_groups_unbalanced_left_paren():\n>       with pytest.raises(ValueError):\nE       Failed: DID NOT RAISE <class 'ValueError'>\n\ntest_main.py:28: Failed\n______________ test_separate_paren_groups_unbalanced_right_paren ______________\n\n    def test_separate_paren_groups_unbalanced_right_paren():\n>       with pytest.raises(ValueError):\nE       Failed: DID NOT RAISE <class 'ValueError'>\n\ntest_main.py:33: Failed\n=========================== short test summary info ===========================\nFAILED test_main.py::test_separate_paren_groups_normal_case - AssertionError:...\nFAILED test_main.py::test_separate_paren_groups_single_group - AssertionError...\nFAILED test_main.py::test_separate_paren_groups_multiple_levels - AssertionEr...\nFAILED test_main.py::test_separate_paren_groups_unbalanced_left_paren - Faile...\nFAILED test_main.py::test_separate_paren_groups_unbalanced_right_paren - Fail...\n========================= 5 failed, 1 passed in 0.17s =========================", "stderr": "", "summary": {"collected": 6, "passed": 1, "failed": 5, "errors": 0, "skipped": 0, "xfailed": 0, "xpassed": 0, "deselected": 0, "warnings": 0, "duration": null}, "test_file": "results\\tests\\test_main.py"}}}
{"task_id": "HumanEval/10", "completion": "def main():\n    print(is_palindrome('racecar'))  # True\n    print(is_palindrome('hello'))  # False\n    print(make_palindrome('cat'))  # 'catac'\n    print(make_palindrome('cata'))  # 'catac'\n\nif __name__ == '__main__':\n    main()", "completion_id": "agent-0", "agent_tests_passed": {"main.py": {"status": "failed", "returncode": 1, "stdout_tail": "_______________________ test_is_palindrome_empty_string _______________________\n\n    def test_is_palindrome_empty_string():\n>       assert is_palindrome('') == True\nE       NameError: name 'is_palindrome' is not defined\n\ntest_main.py:29: NameError\n______________________ test_make_palindrome_single_char _______________________\n\n    def test_make_palindrome_single_char():\n>       assert make_palindrome('a') == 'aa'\nE       NameError: name 'make_palindrome' is not defined\n\ntest_main.py:33: NameError\n________________________ test_is_palindrome_none_input ________________________\n\n    def test_is_palindrome_none_input():\n        with pytest.raises(TypeError):\n>           is_palindrome(None)\nE           NameError: name 'is_palindrome' is not defined\n\ntest_main.py:38: NameError\n_______________________ test_make_palindrome_none_input _______________________\n\n    def test_make_palindrome_none_input():\n        with pytest.raises(TypeError):\n>           make_palindrome(None)\nE           NameError: name 'make_palindrome' is not defined\n\ntest_main.py:43: NameError\n=========================== short test summary info ===========================\nFAILED test_main.py::test_is_palindrome[racecar-True] - NameError: name 'is_p...\nFAILED test_main.py::test_is_palindrome[hello-False] - NameError: name 'is_pa...\nFAILED test_main.py::test_make_palindrome[cat-catac] - NameError: name 'make_...\nFAILED test_main.py::test_make_palindrome[cata-catac] - NameError: name 'make...\nFAILED test_main.py::test_is_palindrome_empty_string - NameError: name 'is_pa...\nFAILED test_main.py::test_make_palindrome_single_char - NameError: name 'make...\nFAILED test_main.py::test_is_palindrome_none_input - NameError: name 'is_pali...\nFAILED test_main.py::test_make_palindrome_none_input - NameError: name 'make_...\n============================== 8 failed in 0.22s ==============================", "stderr": "", "summary": {"collected": 8, "passed": 0, "failed": 8, "errors": 0, "skipped": 0, "xfailed": 0, "xpassed": 0, "deselected": 0, "warnings": 0, "duration": null}, "test_file": "results\\tests\\test_main.py"}}}
{"task_id": "HumanEval/100", "completion": "def make_a_pile(n):\n    pile = []\n    current_stones = n\n    for _ in range(n):\n        pile.append(current_stones)\n        if n % 2 == 0:\n            current_stones += 2\n        else:\n            current_stones += 2\n    return pile", "completion_id": "agent-0", "agent_tests_passed": {"main.py": {"status": "success", "returncode": 0, "stdout_tail": "============================= test session starts =============================\nplatform win32 -- Python 3.12.4, pytest-7.4.4, pluggy-1.0.0 -- D:\\Conda\\conda\\python.exe\ncachedir: .pytest_cache\nrootdir: E:\\研一（上）\\LLM_Course\\wddCodeAgent\\wddCodeAgent\\wddCodeAgent\\results\\tests\nplugins: anyio-4.2.0\ncollecting ... collected 3 items\n\ntest_main.py::test_make_a_pile_normal_case PASSED                        [ 33%]\ntest_main.py::test_make_a_pile_zero_case PASSED                          [ 66%]\ntest_main.py::test_make_a_pile_negative_case PASSED                      [100%]\n\n============================== 3 passed in 0.02s ==============================", "stderr": "", "summary": {"collected": 3, "passed": 3, "failed": 0, "errors": 0, "skipped": 0, "xfailed": 0, "xpassed": 0, "deselected": 0, "warnings": 0, "duration": null}, "test_file": "results\\tests\\test_main.py"}}}
{"task_id": "HumanEval/101", "completion": "def words_string(s):\n    return s.replace(',', ' ').split()\n\n# 测试用例\nprint(words_string(\"Hi, my name is John\"))  # 输出: ['Hi', 'my', 'name', 'is', 'John']\nprint(words_string(\"One, two, three, four, five, six\"))  # 输出: ['One', 'two', 'three', 'four', 'five', 'six']", "completion_id": "agent-0", "agent_tests_passed": {"main.py": {"status": "success", "returncode": 0, "stdout_tail": "============================= test session starts =============================\nplatform win32 -- Python 3.12.4, pytest-7.4.4, pluggy-1.0.0 -- D:\\Conda\\conda\\python.exe\ncachedir: .pytest_cache\nrootdir: E:\\研一（上）\\LLM_Course\\wddCodeAgent\\wddCodeAgent\\wddCodeAgent\\results\\tests\nplugins: anyio-4.2.0\ncollecting ... collected 5 items\n\ntest_main.py::test_words_string_normal_case PASSED                       [ 20%]\ntest_main.py::test_words_string_with_multiple_commas PASSED              [ 40%]\ntest_main.py::test_words_string_empty_string PASSED                      [ 60%]\ntest_main.py::test_words_string_no_commas PASSED                         [ 80%]\ntest_main.py::test_words_string_with_leading_and_trailing_spaces PASSED  [100%]\n\n============================== 5 passed in 0.03s ==============================", "stderr": "", "summary": {"collected": 5, "passed": 5, "failed": 0, "errors": 0, "skipped": 0, "xfailed": 0, "xpassed": 0, "deselected": 0, "warnings": 0, "duration": null}, "test_file": "results\\tests\\test_main.py"}}}
{"task_id": "HumanEval/102", "completion": "def choose_num(x, y):\n    if x > y:\n        return -1\n    for num in range(y, x-1, -1):\n        if num % 2 == 0:\n            return num\n    return -1", "completion_id": "agent-0", "agent_tests_passed": {"main.py": {"status": "failed", "returncode": 1, "stdout_tail": "\n    @pytest.mark.parametrize('x, y, expected', [\n        (5, 1, -1),  # Normal case: x > y and no even number in range(y, x-1)\n        (4, 2, 4),   # Normal case: x > y and an even number exists\n        (3, 3, -1),  # Boundary case: x == y\n        (2, 5, -1),  # Normal case: x < y and no even number in range(y, x-1)\n        (2, 4, 4),   # Normal case: x < y and an even number exists\n        (-1, 0, -1), # Boundary case: negative numbers\n        (0, -1, -1)  # Boundary case: negative numbers\n    ])\n    def test_choose_num(x, y, expected):\n>       assert choose_num(x, y) == expected\nE       assert 4 == -1\nE        +  where 4 = choose_num(2, 5)\n\ntest_main.py:23: AssertionError\n__________________________ test_choose_num[-1-0--1] ___________________________\n\nx = -1, y = 0, expected = -1\n\n    @pytest.mark.parametrize('x, y, expected', [\n        (5, 1, -1),  # Normal case: x > y and no even number in range(y, x-1)\n        (4, 2, 4),   # Normal case: x > y and an even number exists\n        (3, 3, -1),  # Boundary case: x == y\n        (2, 5, -1),  # Normal case: x < y and no even number in range(y, x-1)\n        (2, 4, 4),   # Normal case: x < y and an even number exists\n        (-1, 0, -1), # Boundary case: negative numbers\n        (0, -1, -1)  # Boundary case: negative numbers\n    ])\n    def test_choose_num(x, y, expected):\n>       assert choose_num(x, y) == expected\nE       assert 0 == -1\nE        +  where 0 = choose_num(-1, 0)\n\ntest_main.py:23: AssertionError\n=========================== short test summary info ===========================\nFAILED test_main.py::test_choose_num[4-2-4] - assert -1 == 4\nFAILED test_main.py::test_choose_num[2-5--1] - assert 4 == -1\nFAILED test_main.py::test_choose_num[-1-0--1] - assert 0 == -1\n========================= 3 failed, 5 passed in 0.16s =========================", "stderr": "", "summary": {"collected": 8, "passed": 0, "failed": 0, "errors": 0, "skipped": 0, "xfailed": 0, "xpassed": 0, "deselected": 0, "warnings": 0, "duration": null}, "test_file": "results\\tests\\test_main.py"}}}
{"task_id": "HumanEval/103", "completion": "def rounded_avg(n, m):\n    if n > m:\n        return -1\n    total = sum(range(n, m + 1))\n    count = m - n + 1\n    average = round(total / count)\n    return bin(average)", "completion_id": "agent-0", "agent_tests_passed": {"main.py": {"status": "success", "returncode": 0, "stdout_tail": "============================= test session starts =============================\nplatform win32 -- Python 3.12.4, pytest-7.4.4, pluggy-1.0.0 -- D:\\Conda\\conda\\python.exe\ncachedir: .pytest_cache\nrootdir: E:\\研一（上）\\LLM_Course\\wddCodeAgent\\wddCodeAgent\\wddCodeAgent\\results\\tests\nplugins: anyio-4.2.0\ncollecting ... collected 3 items\n\ntest_main.py::test_rounded_avg_normal_case PASSED                        [ 33%]\ntest_main.py::test_rounded_avg_boundary_case PASSED                      [ 66%]\ntest_main.py::test_rounded_avg_negative_case PASSED                      [100%]\n\n============================== 3 passed in 0.05s ==============================", "stderr": "", "summary": {"collected": 3, "passed": 3, "failed": 0, "errors": 0, "skipped": 0, "xfailed": 0, "xpassed": 0, "deselected": 0, "warnings": 0, "duration": null}, "test_file": "results\\tests\\test_main.py"}}}
{"task_id": "HumanEval/104", "completion": "def unique_digits(x):\n    def has_no_even_digit(num):\n        return all(int(digit) % 2 != 0 for digit in str(num))\n\n    result = [num for num in x if has_no_even_digit(num)]\n    return sorted(result)", "completion_id": "agent-0", "agent_tests_passed": {"main.py": {"status": "failed", "returncode": 5, "stdout_tail": "============================= test session starts =============================\nplatform win32 -- Python 3.12.4, pytest-7.4.4, pluggy-1.0.0 -- D:\\Conda\\conda\\python.exe\ncachedir: .pytest_cache\nrootdir: E:\\研一（上）\\LLM_Course\\wddCodeAgent\\wddCodeAgent\\wddCodeAgent\\results\\tests\nplugins: anyio-4.2.0\ncollecting ... collected 0 items\n\n============================ no tests ran in 0.02s ============================", "stderr": "", "summary": {"collected": 0, "passed": 0, "failed": 0, "errors": 0, "skipped": 0, "xfailed": 0, "xpassed": 0, "deselected": 0, "warnings": 0, "duration": 0.02}, "test_file": "results\\tests\\test_main.py"}}}
{"task_id": "HumanEval/105", "completion": "def by_length(arr):\n    digit_names = {\n        1: 'One',\n        2: 'Two',\n        3: 'Three',\n        4: 'Four',\n        5: 'Five',\n        6: 'Six',\n        7: 'Seven',\n        8: 'Eight',\n        9: 'Nine'\n    }\n\n    filtered_sorted_arr = sorted([num for num in arr if 1 <= num <= 9])\n    reversed_arr = filtered_sorted_arr[::-1]\n    result = [digit_names[num] for num in reversed_arr]\n    return result", "completion_id": "agent-0", "agent_tests_passed": {"main.py": {"status": "success", "returncode": 0, "stdout_tail": "============================= test session starts =============================\nplatform win32 -- Python 3.12.4, pytest-7.4.4, pluggy-1.0.0 -- D:\\Conda\\conda\\python.exe\ncachedir: .pytest_cache\nrootdir: E:\\研一（上）\\LLM_Course\\wddCodeAgent\\wddCodeAgent\\wddCodeAgent\\results\\tests\nplugins: anyio-4.2.0\ncollecting ... collected 5 items\n\ntest_main.py::test_by_length[input_arr0-expected_output0] PASSED         [ 20%]\ntest_main.py::test_by_length[input_arr1-expected_output1] PASSED         [ 40%]\ntest_main.py::test_by_length[input_arr2-expected_output2] PASSED         [ 60%]\ntest_main.py::test_by_length[input_arr3-expected_output3] PASSED         [ 80%]\ntest_main.py::test_by_length[input_arr4-expected_output4] PASSED         [100%]\n\n============================== 5 passed in 0.13s ==============================", "stderr": "", "summary": {"collected": 5, "passed": 5, "failed": 0, "errors": 0, "skipped": 0, "xfailed": 0, "xpassed": 0, "deselected": 0, "warnings": 0, "duration": null}, "test_file": "results\\tests\\test_main.py"}}}
{"task_id": "HumanEval/106", "completion": "def factorial(n):\n    if n == 0:\n        return 1\n    else:\n        return n * factorial(n-1)\n\ndef sum_to_n(n):\n    return sum(range(1, n+1))\n\ndef f(n):\n    result = []\n    for i in range(1, n+1):\n        if i % 2 == 0:\n            result.append(factorial(i))\n        else:\n            result.append(sum_to_n(i))\n    return result", "completion_id": "agent-0", "agent_tests_passed": {"main.py": {"status": "failed", "returncode": 1, "stdout_tail": "\n..\\generated_code\\project\\main.py:17: TypeError\n______________ test_f[3.5-Input must be a non-negative integer] _______________\n\nn = 3.5, expected = 'Input must be a non-negative integer'\n\n    @pytest.mark.parametrize('n, expected', [\n        (0, []),\n        (1, [1]),\n        (2, [1, 2]),\n        (3, [1, 2, 6]),\n        (-1, 'Input must be a non-negative integer'),\n        ('a', 'Input must be a non-negative integer'),\n        (3.5, 'Input must be a non-negative integer')\n    ])\n    def test_f(n, expected):\n        if isinstance(expected, str):\n            with pytest.raises(ValueError) as exc_info:\n>               f(n)\n\ntest_main.py:53: \n_ _ _ _ _ _ _ _ _ _ _ _ _ _ _ _ _ _ _ _ _ _ _ _ _ _ _ _ _ _ _ _ _ _ _ _ _ _ _ _\n\nn = 3.5\n\n    def f(n):\n        result = []\n>       for i in range(1, n+1):\nE       TypeError: 'float' object cannot be interpreted as an integer\n\n..\\generated_code\\project\\main.py:17: TypeError\n=========================== short test summary info ===========================\nFAILED test_main.py::test_factorial[5-expected1] - assert 120 == [1, 2, 6, 24...\nFAILED test_main.py::test_sum_to_n[-1-Input must be a non-negative integer]\nFAILED test_main.py::test_sum_to_n[a-Input must be a non-negative integer] - ...\nFAILED test_main.py::test_sum_to_n[3.5-Input must be a non-negative integer]\nFAILED test_main.py::test_f[-1-Input must be a non-negative integer] - Failed...\nFAILED test_main.py::test_f[a-Input must be a non-negative integer] - TypeErr...\nFAILED test_main.py::test_f[3.5-Input must be a non-negative integer] - TypeE...\n======================== 7 failed, 10 passed in 0.31s =========================", "stderr": "", "summary": {"collected": 17, "passed": 10, "failed": 7, "errors": 0, "skipped": 0, "xfailed": 0, "xpassed": 0, "deselected": 0, "warnings": 0, "duration": null}, "test_file": "results\\tests\\test_main.py"}}}
